Copyright 1986-2022 Xilinx, Inc. All Rights Reserved. Copyright 2022-2024 Advanced Micro Devices, Inc. All Rights Reserved.
---------------------------------------------------------------------------------------------------------------------------------------------
| Tool Version : Vivado v.2024.1 (lin64) Build 5076996 Wed May 22 18:36:09 MDT 2024
| Date         : Mon Jan 13 11:27:53 2025
| Host         : miles-XPS-15-9510 running 64-bit Ubuntu 22.04.5 LTS
| Command      : upgrade_ip
| Device       : xck26-sfvc784-2LV-c
---------------------------------------------------------------------------------------------------------------------------------------------

Upgrade Log for IP 'Kria_BD_zynq_ultra_ps_e_0_0'

1. Summary
----------

SUCCESS in the upgrade of Kria_BD_zynq_ultra_ps_e_0_0 (xilinx.com:ip:zynq_ultra_ps_e:3.5) to (Rev. 3)

2. Upgrade messages
-------------------

Set parameter PSU__GPIO_EMIO__PERIPHERAL__IO to value 95 (source 'default')
WARNING: upgrade cannot add parameter PSU__USE__USB3_0_HUB with default value 0 : a parameter called PSU__USE__USB3_0_HUB already exists in zynq_ultra_ps_e_v3_5
WARNING: upgrade cannot add parameter PSU__USE__USB3_1_HUB with default value 0 : a parameter called PSU__USE__USB3_1_HUB already exists in zynq_ultra_ps_e_v3_5
Set parameter PSU__PROTECTION__FPD_SEGMENTS to value SA:0xFD1A0000; SIZE:1280; UNIT:KB; RegionTZ:Secure; WrAllowed:Read/Write; subsystemId:PMU Firmware |  SA:0xFD000000; SIZE:64; UNIT:KB; RegionTZ:Secure; WrAllowed:Read/Write; subsystemId:PMU Firmware |  SA:0xFD010000; SIZE:64; UNIT:KB; RegionTZ:Secure; WrAllowed:Read/Write; subsystemId:PMU Firmware |  SA:0xFD020000; SIZE:64; UNIT:KB; RegionTZ:Secure; WrAllowed:Read/Write; subsystemId:PMU Firmware |  SA:0xFD030000; SIZE:64; UNIT:KB; RegionTZ:Secure; WrAllowed:Read/Write; subsystemId:PMU Firmware |  SA:0xFD040000; SIZE:64; UNIT:KB; RegionTZ:Secure; WrAllowed:Read/Write; subsystemId:PMU Firmware |  SA:0xFD050000; SIZE:64; UNIT:KB; RegionTZ:Secure; WrAllowed:Read/Write; subsystemId:PMU Firmware |  SA:0xFD610000; SIZE:512; UNIT:KB; RegionTZ:Secure; WrAllowed:Read/Write; subsystemId:PMU Firmware |  SA:0xFD5D0000; SIZE:64; UNIT:KB; RegionTZ:Secure; WrAllowed:Read/Write; subsystemId:PMU Firmware | SA:0xFD1A0000 ; SIZE:1280; UNIT:KB; RegionTZ:Secure ; WrAllowed:Read/Write; subsystemId:Secure Subsystem (source 'default')






Copyright 1986-2022 Xilinx, Inc. All Rights Reserved. Copyright 2022-2024 Advanced Micro Devices, Inc. All Rights Reserved.
---------------------------------------------------------------------------------------------------------------------------------------------
| Tool Version : Vivado v.2024.1 (lin64) Build 5076996 Wed May 22 18:36:09 MDT 2024
| Date         : Mon Jan 13 11:27:53 2025
| Host         : miles-XPS-15-9510 running 64-bit Ubuntu 22.04.5 LTS
| Command      : upgrade_ip
| Device       : xck26-sfvc784-2LV-c
---------------------------------------------------------------------------------------------------------------------------------------------

Upgrade Log for IP 'Kria_BD_xlconstant_0_0'

1. Summary
----------

SUCCESS in the upgrade of Kria_BD_xlconstant_0_0 (xilinx.com:ip:xlconstant:1.1) from (Rev. 7) to (Rev. 9)






Copyright 1986-2022 Xilinx, Inc. All Rights Reserved. Copyright 2022-2024 Advanced Micro Devices, Inc. All Rights Reserved.
---------------------------------------------------------------------------------------------------------------------------------------------
| Tool Version : Vivado v.2024.1 (lin64) Build 5076996 Wed May 22 18:36:09 MDT 2024
| Date         : Mon Jan 13 11:27:53 2025
| Host         : miles-XPS-15-9510 running 64-bit Ubuntu 22.04.5 LTS
| Command      : upgrade_ip
| Device       : xck26-sfvc784-2LV-c
---------------------------------------------------------------------------------------------------------------------------------------------

Upgrade Log for IP 'Kria_BD_ps8_0_axi_periph_0'

1. Summary
----------

SUCCESS in the upgrade of Kria_BD_ps8_0_axi_periph_0 (xilinx.com:ip:axi_interconnect:2.1) from (Rev. 29) to (Rev. 32)






Copyright 1986-2022 Xilinx, Inc. All Rights Reserved. Copyright 2022-2024 Advanced Micro Devices, Inc. All Rights Reserved.
---------------------------------------------------------------------------------------------------------------------------------------------
| Tool Version : Vivado v.2024.1 (lin64) Build 5076996 Wed May 22 18:36:09 MDT 2024
| Date         : Mon Jan 13 11:27:52 2025
| Host         : miles-XPS-15-9510 running 64-bit Ubuntu 22.04.5 LTS
| Command      : upgrade_ip
| Device       : xck26-sfvc784-2LV-c
---------------------------------------------------------------------------------------------------------------------------------------------

Upgrade Log for IP 'Kria_BD_proc_sys_reset_1_0'

1. Summary
----------

SUCCESS in the upgrade of Kria_BD_proc_sys_reset_1_0 (xilinx.com:ip:proc_sys_reset:5.0) from (Rev. 13) to (Rev. 15)






Copyright 1986-2022 Xilinx, Inc. All Rights Reserved. Copyright 2022-2024 Advanced Micro Devices, Inc. All Rights Reserved.
---------------------------------------------------------------------------------------------------------------------------------------------
| Tool Version : Vivado v.2024.1 (lin64) Build 5076996 Wed May 22 18:36:09 MDT 2024
| Date         : Mon Jan 13 11:27:52 2025
| Host         : miles-XPS-15-9510 running 64-bit Ubuntu 22.04.5 LTS
| Command      : upgrade_ip
| Device       : xck26-sfvc784-2LV-c
---------------------------------------------------------------------------------------------------------------------------------------------

Upgrade Log for IP 'Kria_BD_proc_sys_reset_0_0'

1. Summary
----------

SUCCESS in the upgrade of Kria_BD_proc_sys_reset_0_0 (xilinx.com:ip:proc_sys_reset:5.0) from (Rev. 13) to (Rev. 15)






Copyright 1986-2022 Xilinx, Inc. All Rights Reserved. Copyright 2022-2024 Advanced Micro Devices, Inc. All Rights Reserved.
---------------------------------------------------------------------------------------------------------------------------------------------
| Tool Version : Vivado v.2024.1 (lin64) Build 5076996 Wed May 22 18:36:09 MDT 2024
| Date         : Mon Jan 13 11:27:52 2025
| Host         : miles-XPS-15-9510 running 64-bit Ubuntu 22.04.5 LTS
| Command      : upgrade_ip
| Device       : xck26-sfvc784-2LV-c
---------------------------------------------------------------------------------------------------------------------------------------------

Upgrade Log for IP 'Kria_BD_clk_wiz_0_1'

1. Summary
----------

SUCCESS in the upgrade of Kria_BD_clk_wiz_0_1 (xilinx.com:ip:clk_wiz:6.0) from (Rev. 12) to (Rev. 14)






Copyright 1986-2022 Xilinx, Inc. All Rights Reserved. Copyright 2022-2024 Advanced Micro Devices, Inc. All Rights Reserved.
---------------------------------------------------------------------------------------------------------------------------------------------
| Tool Version : Vivado v.2024.1 (lin64) Build 5076996 Wed May 22 18:36:09 MDT 2024
| Date         : Mon Jan 13 11:27:52 2025
| Host         : miles-XPS-15-9510 running 64-bit Ubuntu 22.04.5 LTS
| Command      : upgrade_ip
| Device       : xck26-sfvc784-2LV-c
---------------------------------------------------------------------------------------------------------------------------------------------

Upgrade Log for IP 'Kria_BD_axi_intc_0_0'

1. Summary
----------

SUCCESS in the upgrade of Kria_BD_axi_intc_0_0 (xilinx.com:ip:axi_intc:4.1) from (Rev. 17) to (Rev. 19)

2. Upgrade messages
-------------------

Set parameter C_IVAR_RESET_VALUE to value 0x0000000000000010 (source 'default')






Copyright 1986-2022 Xilinx, Inc. All Rights Reserved. Copyright 2022-2024 Advanced Micro Devices, Inc. All Rights Reserved.
---------------------------------------------------------------------------------------------------------------------------------------------
| Tool Version : Vivado v.2024.1 (lin64) Build 5076996 Wed May 22 18:36:09 MDT 2024
| Date         : Mon Jan 13 11:27:52 2025
| Host         : miles-XPS-15-9510 running 64-bit Ubuntu 22.04.5 LTS
| Command      : upgrade_ip
| Device       : xck26-sfvc784-2LV-c
---------------------------------------------------------------------------------------------------------------------------------------------

Upgrade Log for IP 'Kria_BD_axi_iic_0_0'

1. Summary
----------

SUCCESS in the upgrade of Kria_BD_axi_iic_0_0 (xilinx.com:ip:axi_iic:2.1) from (Rev. 4) to (Rev. 7)






Copyright 1986-2022 Xilinx, Inc. All Rights Reserved. Copyright 2022-2024 Advanced Micro Devices, Inc. All Rights Reserved.
---------------------------------------------------------------------------------------------------------------------------------------------
| Tool Version : Vivado v.2024.1 (lin64) Build 5076996 Wed May 22 18:36:09 MDT 2024
| Date         : Mon Jan 13 11:27:52 2025
| Host         : miles-XPS-15-9510 running 64-bit Ubuntu 22.04.5 LTS
| Command      : upgrade_ip
| Device       : xck26-sfvc784-2LV-c
---------------------------------------------------------------------------------------------------------------------------------------------

Upgrade Log for IP 'Kria_BD_axi_gpio_9_0'

1. Summary
----------

SUCCESS in the upgrade of Kria_BD_axi_gpio_9_0 (xilinx.com:ip:axi_gpio:2.0) from (Rev. 30) to (Rev. 33)






Copyright 1986-2022 Xilinx, Inc. All Rights Reserved. Copyright 2022-2024 Advanced Micro Devices, Inc. All Rights Reserved.
---------------------------------------------------------------------------------------------------------------------------------------------
| Tool Version : Vivado v.2024.1 (lin64) Build 5076996 Wed May 22 18:36:09 MDT 2024
| Date         : Mon Jan 13 11:27:52 2025
| Host         : miles-XPS-15-9510 running 64-bit Ubuntu 22.04.5 LTS
| Command      : upgrade_ip
| Device       : xck26-sfvc784-2LV-c
---------------------------------------------------------------------------------------------------------------------------------------------

Upgrade Log for IP 'Kria_BD_axi_gpio_8_0'

1. Summary
----------

SUCCESS in the upgrade of Kria_BD_axi_gpio_8_0 (xilinx.com:ip:axi_gpio:2.0) from (Rev. 30) to (Rev. 33)






Copyright 1986-2022 Xilinx, Inc. All Rights Reserved. Copyright 2022-2024 Advanced Micro Devices, Inc. All Rights Reserved.
---------------------------------------------------------------------------------------------------------------------------------------------
| Tool Version : Vivado v.2024.1 (lin64) Build 5076996 Wed May 22 18:36:09 MDT 2024
| Date         : Mon Jan 13 11:27:52 2025
| Host         : miles-XPS-15-9510 running 64-bit Ubuntu 22.04.5 LTS
| Command      : upgrade_ip
| Device       : xck26-sfvc784-2LV-c
---------------------------------------------------------------------------------------------------------------------------------------------

Upgrade Log for IP 'Kria_BD_axi_gpio_7_0'

1. Summary
----------

SUCCESS in the upgrade of Kria_BD_axi_gpio_7_0 (xilinx.com:ip:axi_gpio:2.0) from (Rev. 30) to (Rev. 33)






Copyright 1986-2022 Xilinx, Inc. All Rights Reserved. Copyright 2022-2024 Advanced Micro Devices, Inc. All Rights Reserved.
---------------------------------------------------------------------------------------------------------------------------------------------
| Tool Version : Vivado v.2024.1 (lin64) Build 5076996 Wed May 22 18:36:09 MDT 2024
| Date         : Mon Jan 13 11:27:52 2025
| Host         : miles-XPS-15-9510 running 64-bit Ubuntu 22.04.5 LTS
| Command      : upgrade_ip
| Device       : xck26-sfvc784-2LV-c
---------------------------------------------------------------------------------------------------------------------------------------------

Upgrade Log for IP 'Kria_BD_axi_gpio_6_0'

1. Summary
----------

SUCCESS in the upgrade of Kria_BD_axi_gpio_6_0 (xilinx.com:ip:axi_gpio:2.0) from (Rev. 30) to (Rev. 33)






Copyright 1986-2022 Xilinx, Inc. All Rights Reserved. Copyright 2022-2024 Advanced Micro Devices, Inc. All Rights Reserved.
---------------------------------------------------------------------------------------------------------------------------------------------
| Tool Version : Vivado v.2024.1 (lin64) Build 5076996 Wed May 22 18:36:09 MDT 2024
| Date         : Mon Jan 13 11:27:52 2025
| Host         : miles-XPS-15-9510 running 64-bit Ubuntu 22.04.5 LTS
| Command      : upgrade_ip
| Device       : xck26-sfvc784-2LV-c
---------------------------------------------------------------------------------------------------------------------------------------------

Upgrade Log for IP 'Kria_BD_axi_gpio_5_0'

1. Summary
----------

SUCCESS in the upgrade of Kria_BD_axi_gpio_5_0 (xilinx.com:ip:axi_gpio:2.0) from (Rev. 30) to (Rev. 33)






Copyright 1986-2022 Xilinx, Inc. All Rights Reserved. Copyright 2022-2024 Advanced Micro Devices, Inc. All Rights Reserved.
---------------------------------------------------------------------------------------------------------------------------------------------
| Tool Version : Vivado v.2024.1 (lin64) Build 5076996 Wed May 22 18:36:09 MDT 2024
| Date         : Mon Jan 13 11:27:52 2025
| Host         : miles-XPS-15-9510 running 64-bit Ubuntu 22.04.5 LTS
| Command      : upgrade_ip
| Device       : xck26-sfvc784-2LV-c
---------------------------------------------------------------------------------------------------------------------------------------------

Upgrade Log for IP 'Kria_BD_axi_gpio_4_0'

1. Summary
----------

SUCCESS in the upgrade of Kria_BD_axi_gpio_4_0 (xilinx.com:ip:axi_gpio:2.0) from (Rev. 30) to (Rev. 33)






Copyright 1986-2022 Xilinx, Inc. All Rights Reserved. Copyright 2022-2024 Advanced Micro Devices, Inc. All Rights Reserved.
---------------------------------------------------------------------------------------------------------------------------------------------
| Tool Version : Vivado v.2024.1 (lin64) Build 5076996 Wed May 22 18:36:09 MDT 2024
| Date         : Mon Jan 13 11:27:52 2025
| Host         : miles-XPS-15-9510 running 64-bit Ubuntu 22.04.5 LTS
| Command      : upgrade_ip
| Device       : xck26-sfvc784-2LV-c
---------------------------------------------------------------------------------------------------------------------------------------------

Upgrade Log for IP 'Kria_BD_axi_gpio_3_0'

1. Summary
----------

SUCCESS in the upgrade of Kria_BD_axi_gpio_3_0 (xilinx.com:ip:axi_gpio:2.0) from (Rev. 30) to (Rev. 33)






Copyright 1986-2022 Xilinx, Inc. All Rights Reserved. Copyright 2022-2024 Advanced Micro Devices, Inc. All Rights Reserved.
---------------------------------------------------------------------------------------------------------------------------------------------
| Tool Version : Vivado v.2024.1 (lin64) Build 5076996 Wed May 22 18:36:09 MDT 2024
| Date         : Mon Jan 13 11:27:52 2025
| Host         : miles-XPS-15-9510 running 64-bit Ubuntu 22.04.5 LTS
| Command      : upgrade_ip
| Device       : xck26-sfvc784-2LV-c
---------------------------------------------------------------------------------------------------------------------------------------------

Upgrade Log for IP 'Kria_BD_axi_gpio_2_0'

1. Summary
----------

SUCCESS in the upgrade of Kria_BD_axi_gpio_2_0 (xilinx.com:ip:axi_gpio:2.0) from (Rev. 30) to (Rev. 33)






Copyright 1986-2022 Xilinx, Inc. All Rights Reserved. Copyright 2022-2024 Advanced Micro Devices, Inc. All Rights Reserved.
---------------------------------------------------------------------------------------------------------------------------------------------
| Tool Version : Vivado v.2024.1 (lin64) Build 5076996 Wed May 22 18:36:09 MDT 2024
| Date         : Mon Jan 13 11:27:51 2025
| Host         : miles-XPS-15-9510 running 64-bit Ubuntu 22.04.5 LTS
| Command      : upgrade_ip
| Device       : xck26-sfvc784-2LV-c
---------------------------------------------------------------------------------------------------------------------------------------------

Upgrade Log for IP 'Kria_BD_axi_gpio_1_0'

1. Summary
----------

SUCCESS in the upgrade of Kria_BD_axi_gpio_1_0 (xilinx.com:ip:axi_gpio:2.0) from (Rev. 30) to (Rev. 33)






Copyright 1986-2022 Xilinx, Inc. All Rights Reserved. Copyright 2022-2024 Advanced Micro Devices, Inc. All Rights Reserved.
---------------------------------------------------------------------------------------------------------------------------------------------
| Tool Version : Vivado v.2024.1 (lin64) Build 5076996 Wed May 22 18:36:09 MDT 2024
| Date         : Mon Jan 13 11:27:51 2025
| Host         : miles-XPS-15-9510 running 64-bit Ubuntu 22.04.5 LTS
| Command      : upgrade_ip
| Device       : xck26-sfvc784-2LV-c
---------------------------------------------------------------------------------------------------------------------------------------------

Upgrade Log for IP 'Kria_BD_axi_gpio_14_0'

1. Summary
----------

SUCCESS in the upgrade of Kria_BD_axi_gpio_14_0 (xilinx.com:ip:axi_gpio:2.0) from (Rev. 30) to (Rev. 33)






Copyright 1986-2022 Xilinx, Inc. All Rights Reserved. Copyright 2022-2024 Advanced Micro Devices, Inc. All Rights Reserved.
---------------------------------------------------------------------------------------------------------------------------------------------
| Tool Version : Vivado v.2024.1 (lin64) Build 5076996 Wed May 22 18:36:09 MDT 2024
| Date         : Mon Jan 13 11:27:51 2025
| Host         : miles-XPS-15-9510 running 64-bit Ubuntu 22.04.5 LTS
| Command      : upgrade_ip
| Device       : xck26-sfvc784-2LV-c
---------------------------------------------------------------------------------------------------------------------------------------------

Upgrade Log for IP 'Kria_BD_axi_gpio_13_0'

1. Summary
----------

SUCCESS in the upgrade of Kria_BD_axi_gpio_13_0 (xilinx.com:ip:axi_gpio:2.0) from (Rev. 30) to (Rev. 33)






Copyright 1986-2022 Xilinx, Inc. All Rights Reserved. Copyright 2022-2024 Advanced Micro Devices, Inc. All Rights Reserved.
---------------------------------------------------------------------------------------------------------------------------------------------
| Tool Version : Vivado v.2024.1 (lin64) Build 5076996 Wed May 22 18:36:09 MDT 2024
| Date         : Mon Jan 13 11:27:51 2025
| Host         : miles-XPS-15-9510 running 64-bit Ubuntu 22.04.5 LTS
| Command      : upgrade_ip
| Device       : xck26-sfvc784-2LV-c
---------------------------------------------------------------------------------------------------------------------------------------------

Upgrade Log for IP 'Kria_BD_axi_gpio_12_0'

1. Summary
----------

SUCCESS in the upgrade of Kria_BD_axi_gpio_12_0 (xilinx.com:ip:axi_gpio:2.0) from (Rev. 30) to (Rev. 33)






Copyright 1986-2022 Xilinx, Inc. All Rights Reserved. Copyright 2022-2024 Advanced Micro Devices, Inc. All Rights Reserved.
---------------------------------------------------------------------------------------------------------------------------------------------
| Tool Version : Vivado v.2024.1 (lin64) Build 5076996 Wed May 22 18:36:09 MDT 2024
| Date         : Mon Jan 13 11:27:51 2025
| Host         : miles-XPS-15-9510 running 64-bit Ubuntu 22.04.5 LTS
| Command      : upgrade_ip
| Device       : xck26-sfvc784-2LV-c
---------------------------------------------------------------------------------------------------------------------------------------------

Upgrade Log for IP 'Kria_BD_axi_gpio_11_0'

1. Summary
----------

SUCCESS in the upgrade of Kria_BD_axi_gpio_11_0 (xilinx.com:ip:axi_gpio:2.0) from (Rev. 30) to (Rev. 33)






Copyright 1986-2022 Xilinx, Inc. All Rights Reserved. Copyright 2022-2024 Advanced Micro Devices, Inc. All Rights Reserved.
---------------------------------------------------------------------------------------------------------------------------------------------
| Tool Version : Vivado v.2024.1 (lin64) Build 5076996 Wed May 22 18:36:09 MDT 2024
| Date         : Mon Jan 13 11:27:51 2025
| Host         : miles-XPS-15-9510 running 64-bit Ubuntu 22.04.5 LTS
| Command      : upgrade_ip
| Device       : xck26-sfvc784-2LV-c
---------------------------------------------------------------------------------------------------------------------------------------------

Upgrade Log for IP 'Kria_BD_axi_gpio_10_0'

1. Summary
----------

SUCCESS in the upgrade of Kria_BD_axi_gpio_10_0 (xilinx.com:ip:axi_gpio:2.0) from (Rev. 30) to (Rev. 33)






Copyright 1986-2022 Xilinx, Inc. All Rights Reserved. Copyright 2022-2024 Advanced Micro Devices, Inc. All Rights Reserved.
---------------------------------------------------------------------------------------------------------------------------------------------
| Tool Version : Vivado v.2024.1 (lin64) Build 5076996 Wed May 22 18:36:09 MDT 2024
| Date         : Mon Jan 13 11:27:51 2025
| Host         : miles-XPS-15-9510 running 64-bit Ubuntu 22.04.5 LTS
| Command      : upgrade_ip
| Device       : xck26-sfvc784-2LV-c
---------------------------------------------------------------------------------------------------------------------------------------------

Upgrade Log for IP 'Kria_BD_axi_gpio_0_0'

1. Summary
----------

SUCCESS in the upgrade of Kria_BD_axi_gpio_0_0 (xilinx.com:ip:axi_gpio:2.0) from (Rev. 30) to (Rev. 33)

